<?xml version="1.0" encoding="UTF-8"?>
<testng-results ignored="0" total="1" passed="1" failed="0" skipped="0">
  <reporter-output>
  </reporter-output>
  <suite started-at="2020-03-24T18:19:06 IST" name="Default suite" finished-at="2020-03-24T18:20:29 IST" duration-ms="82884">
    <groups>
      <group name="cucumber">
        <method signature="AbstractTestNGCucumberTests.feature(cucumber.api.testng.CucumberFeatureWrapper)[pri:0, instance:para.Testrunner.Para_Test_Runner@3967e60c]" name="feature" class="cucumber.api.testng.AbstractTestNGCucumberTests"/>
      </group> <!-- cucumber -->
    </groups>
    <test started-at="2020-03-24T18:19:06 IST" name="Default test" finished-at="2020-03-24T18:20:29 IST" duration-ms="82884">
      <class name="para.Testrunner.Para_Test_Runner">
        <test-method is-config="true" signature="setUpClass()[pri:0, instance:para.Testrunner.Para_Test_Runner@3967e60c]" started-at="2020-03-24T18:19:06 IST" name="setUpClass" finished-at="2020-03-24T18:19:06 IST" duration-ms="270" status="PASS">
          <reporter-output>
          </reporter-output>
        </test-method> <!-- setUpClass -->
        <test-method signature="feature(cucumber.api.testng.CucumberFeatureWrapper)[pri:0, instance:para.Testrunner.Para_Test_Runner@3967e60c]" started-at="2020-03-24T18:19:06 IST" name="feature" description="Runs Cucumber Feature" data-provider="features" finished-at="2020-03-24T18:20:29 IST" duration-ms="82481" status="PASS">
          <params>
            <param index="0">
              <value>
                <![CDATA[ParaBank Website]]>
              </value>
            </param>
          </params>
          <reporter-output>
          </reporter-output>
        </test-method> <!-- feature -->
        <test-method is-config="true" signature="tearDownClass()[pri:0, instance:para.Testrunner.Para_Test_Runner@3967e60c]" started-at="2020-03-24T18:20:29 IST" name="tearDownClass" finished-at="2020-03-24T18:20:29 IST" duration-ms="7" status="PASS">
          <reporter-output>
          </reporter-output>
        </test-method> <!-- tearDownClass -->
      </class> <!-- para.Testrunner.Para_Test_Runner -->
    </test> <!-- Default test -->
  </suite> <!-- Default suite -->
</testng-results>
